  Emulator.cpp
C:\Users\charl\OneDrive - UWE Bristol (Students)\Semester 2\CNS\Assignment 1\CNS Chirmera Emulator\Emulator\Emulator\Emulator.cpp(598,7): warning C4244: 'argument': conversion from 'unsigned short' to 'unsigned char', possible loss of data
C:\Users\charl\OneDrive - UWE Bristol (Students)\Semester 2\CNS\Assignment 1\CNS Chirmera Emulator\Emulator\Emulator\Emulator.cpp(618,19): warning C4244: 'argument': conversion from 'unsigned short' to 'unsigned char', possible loss of data
C:\Users\charl\OneDrive - UWE Bristol (Students)\Semester 2\CNS\Assignment 1\CNS Chirmera Emulator\Emulator\Emulator\Emulator.cpp(619,19): warning C4244: 'argument': conversion from 'unsigned short' to 'unsigned char', possible loss of data
C:\Users\charl\OneDrive - UWE Bristol (Students)\Semester 2\CNS\Assignment 1\CNS Chirmera Emulator\Emulator\Emulator\Emulator.cpp(641,19): warning C4244: 'argument': conversion from 'unsigned short' to 'unsigned char', possible loss of data
C:\Users\charl\OneDrive - UWE Bristol (Students)\Semester 2\CNS\Assignment 1\CNS Chirmera Emulator\Emulator\Emulator\Emulator.cpp(642,19): warning C4244: 'argument': conversion from 'unsigned short' to 'unsigned char', possible loss of data
C:\Users\charl\OneDrive - UWE Bristol (Students)\Semester 2\CNS\Assignment 1\CNS Chirmera Emulator\Emulator\Emulator\Emulator.cpp(673,19): warning C4244: 'argument': conversion from 'unsigned short' to 'unsigned char', possible loss of data
C:\Users\charl\OneDrive - UWE Bristol (Students)\Semester 2\CNS\Assignment 1\CNS Chirmera Emulator\Emulator\Emulator\Emulator.cpp(674,19): warning C4244: 'argument': conversion from 'unsigned short' to 'unsigned char', possible loss of data
C:\Users\charl\OneDrive - UWE Bristol (Students)\Semester 2\CNS\Assignment 1\CNS Chirmera Emulator\Emulator\Emulator\Emulator.cpp(675,36): warning C4244: 'argument': conversion from 'unsigned short' to 'unsigned char', possible loss of data
C:\Users\charl\OneDrive - UWE Bristol (Students)\Semester 2\CNS\Assignment 1\CNS Chirmera Emulator\Emulator\Emulator\Emulator.cpp(675,13): warning C4244: 'argument': conversion from 'unsigned short' to 'unsigned char', possible loss of data
C:\Users\charl\OneDrive - UWE Bristol (Students)\Semester 2\CNS\Assignment 1\CNS Chirmera Emulator\Emulator\Emulator\Emulator.cpp(709,19): warning C4244: 'argument': conversion from 'unsigned short' to 'unsigned char', possible loss of data
C:\Users\charl\OneDrive - UWE Bristol (Students)\Semester 2\CNS\Assignment 1\CNS Chirmera Emulator\Emulator\Emulator\Emulator.cpp(710,19): warning C4244: 'argument': conversion from 'unsigned short' to 'unsigned char', possible loss of data
C:\Users\charl\OneDrive - UWE Bristol (Students)\Semester 2\CNS\Assignment 1\CNS Chirmera Emulator\Emulator\Emulator\Emulator.cpp(711,36): warning C4244: 'argument': conversion from 'unsigned short' to 'unsigned char', possible loss of data
C:\Users\charl\OneDrive - UWE Bristol (Students)\Semester 2\CNS\Assignment 1\CNS Chirmera Emulator\Emulator\Emulator\Emulator.cpp(711,13): warning C4244: 'argument': conversion from 'unsigned short' to 'unsigned char', possible loss of data
C:\Users\charl\OneDrive - UWE Bristol (Students)\Semester 2\CNS\Assignment 1\CNS Chirmera Emulator\Emulator\Emulator\Emulator.cpp(747,19): warning C4244: 'argument': conversion from 'unsigned short' to 'unsigned char', possible loss of data
C:\Users\charl\OneDrive - UWE Bristol (Students)\Semester 2\CNS\Assignment 1\CNS Chirmera Emulator\Emulator\Emulator\Emulator.cpp(748,19): warning C4244: 'argument': conversion from 'unsigned short' to 'unsigned char', possible loss of data
C:\Users\charl\OneDrive - UWE Bristol (Students)\Semester 2\CNS\Assignment 1\CNS Chirmera Emulator\Emulator\Emulator\Emulator.cpp(749,35): warning C4244: 'argument': conversion from 'unsigned short' to 'unsigned char', possible loss of data
C:\Users\charl\OneDrive - UWE Bristol (Students)\Semester 2\CNS\Assignment 1\CNS Chirmera Emulator\Emulator\Emulator\Emulator.cpp(749,21): warning C4244: 'argument': conversion from 'unsigned short' to 'unsigned char', possible loss of data
C:\Users\charl\OneDrive - UWE Bristol (Students)\Semester 2\CNS\Assignment 1\CNS Chirmera Emulator\Emulator\Emulator\Emulator.cpp(749,13): warning C4244: 'argument': conversion from 'unsigned short' to 'unsigned char', possible loss of data
C:\Users\charl\OneDrive - UWE Bristol (Students)\Semester 2\CNS\Assignment 1\CNS Chirmera Emulator\Emulator\Emulator\Emulator.cpp(767,19): warning C4244: 'argument': conversion from 'unsigned short' to 'unsigned char', possible loss of data
C:\Users\charl\OneDrive - UWE Bristol (Students)\Semester 2\CNS\Assignment 1\CNS Chirmera Emulator\Emulator\Emulator\Emulator.cpp(768,19): warning C4244: 'argument': conversion from 'unsigned short' to 'unsigned char', possible loss of data
C:\Users\charl\OneDrive - UWE Bristol (Students)\Semester 2\CNS\Assignment 1\CNS Chirmera Emulator\Emulator\Emulator\Emulator.cpp(781,19): warning C4244: 'argument': conversion from 'unsigned short' to 'unsigned char', possible loss of data
C:\Users\charl\OneDrive - UWE Bristol (Students)\Semester 2\CNS\Assignment 1\CNS Chirmera Emulator\Emulator\Emulator\Emulator.cpp(782,19): warning C4244: 'argument': conversion from 'unsigned short' to 'unsigned char', possible loss of data
C:\Users\charl\OneDrive - UWE Bristol (Students)\Semester 2\CNS\Assignment 1\CNS Chirmera Emulator\Emulator\Emulator\Emulator.cpp(878,28): warning C4244: '=': conversion from 'unsigned short' to 'unsigned char', possible loss of data
C:\Users\charl\OneDrive - UWE Bristol (Students)\Semester 2\CNS\Assignment 1\CNS Chirmera Emulator\Emulator\Emulator\Emulator.cpp(961,15): warning C4244: 'argument': conversion from 'unsigned short' to 'unsigned char', possible loss of data
C:\Users\charl\OneDrive - UWE Bristol (Students)\Semester 2\CNS\Assignment 1\CNS Chirmera Emulator\Emulator\Emulator\Emulator.cpp(962,15): warning C4244: 'argument': conversion from 'unsigned short' to 'unsigned char', possible loss of data
C:\Users\charl\OneDrive - UWE Bristol (Students)\Semester 2\CNS\Assignment 1\CNS Chirmera Emulator\Emulator\Emulator\Emulator.cpp(985,15): warning C4244: 'argument': conversion from 'unsigned short' to 'unsigned char', possible loss of data
C:\Users\charl\OneDrive - UWE Bristol (Students)\Semester 2\CNS\Assignment 1\CNS Chirmera Emulator\Emulator\Emulator\Emulator.cpp(986,15): warning C4244: 'argument': conversion from 'unsigned short' to 'unsigned char', possible loss of data
C:\Users\charl\OneDrive - UWE Bristol (Students)\Semester 2\CNS\Assignment 1\CNS Chirmera Emulator\Emulator\Emulator\Emulator.cpp(1009,15): warning C4244: 'argument': conversion from 'unsigned short' to 'unsigned char', possible loss of data
C:\Users\charl\OneDrive - UWE Bristol (Students)\Semester 2\CNS\Assignment 1\CNS Chirmera Emulator\Emulator\Emulator\Emulator.cpp(1010,15): warning C4244: 'argument': conversion from 'unsigned short' to 'unsigned char', possible loss of data
C:\Users\charl\OneDrive - UWE Bristol (Students)\Semester 2\CNS\Assignment 1\CNS Chirmera Emulator\Emulator\Emulator\Emulator.cpp(1090,23): warning C4244: '=': conversion from 'unsigned short' to 'unsigned char', possible loss of data
C:\Users\charl\OneDrive - UWE Bristol (Students)\Semester 2\CNS\Assignment 1\CNS Chirmera Emulator\Emulator\Emulator\Emulator.cpp(1093,15): warning C4244: 'argument': conversion from 'unsigned short' to 'unsigned char', possible loss of data
C:\Users\charl\OneDrive - UWE Bristol (Students)\Semester 2\CNS\Assignment 1\CNS Chirmera Emulator\Emulator\Emulator\Emulator.cpp(1094,15): warning C4244: 'argument': conversion from 'unsigned short' to 'unsigned char', possible loss of data
C:\Users\charl\OneDrive - UWE Bristol (Students)\Semester 2\CNS\Assignment 1\CNS Chirmera Emulator\Emulator\Emulator\Emulator.cpp(1112,23): warning C4244: '=': conversion from 'unsigned short' to 'unsigned char', possible loss of data
C:\Users\charl\OneDrive - UWE Bristol (Students)\Semester 2\CNS\Assignment 1\CNS Chirmera Emulator\Emulator\Emulator\Emulator.cpp(1115,15): warning C4244: 'argument': conversion from 'unsigned short' to 'unsigned char', possible loss of data
C:\Users\charl\OneDrive - UWE Bristol (Students)\Semester 2\CNS\Assignment 1\CNS Chirmera Emulator\Emulator\Emulator\Emulator.cpp(1116,15): warning C4244: 'argument': conversion from 'unsigned short' to 'unsigned char', possible loss of data
C:\Users\charl\OneDrive - UWE Bristol (Students)\Semester 2\CNS\Assignment 1\CNS Chirmera Emulator\Emulator\Emulator\Emulator.cpp(1139,28): warning C4244: '=': conversion from 'unsigned short' to 'unsigned char', possible loss of data
C:\Users\charl\OneDrive - UWE Bristol (Students)\Semester 2\CNS\Assignment 1\CNS Chirmera Emulator\Emulator\Emulator\Emulator.cpp(1140,15): warning C4244: 'argument': conversion from 'unsigned short' to 'unsigned char', possible loss of data
C:\Users\charl\OneDrive - UWE Bristol (Students)\Semester 2\CNS\Assignment 1\CNS Chirmera Emulator\Emulator\Emulator\Emulator.cpp(1141,15): warning C4244: 'argument': conversion from 'unsigned short' to 'unsigned char', possible loss of data
C:\Users\charl\OneDrive - UWE Bristol (Students)\Semester 2\CNS\Assignment 1\CNS Chirmera Emulator\Emulator\Emulator\Emulator.cpp(1156,28): warning C4244: '=': conversion from 'unsigned short' to 'unsigned char', possible loss of data
C:\Users\charl\OneDrive - UWE Bristol (Students)\Semester 2\CNS\Assignment 1\CNS Chirmera Emulator\Emulator\Emulator\Emulator.cpp(1157,15): warning C4244: 'argument': conversion from 'unsigned short' to 'unsigned char', possible loss of data
C:\Users\charl\OneDrive - UWE Bristol (Students)\Semester 2\CNS\Assignment 1\CNS Chirmera Emulator\Emulator\Emulator\Emulator.cpp(1158,15): warning C4244: 'argument': conversion from 'unsigned short' to 'unsigned char', possible loss of data
C:\Users\charl\OneDrive - UWE Bristol (Students)\Semester 2\CNS\Assignment 1\CNS Chirmera Emulator\Emulator\Emulator\Emulator.cpp(1173,28): warning C4244: '=': conversion from 'unsigned short' to 'unsigned char', possible loss of data
C:\Users\charl\OneDrive - UWE Bristol (Students)\Semester 2\CNS\Assignment 1\CNS Chirmera Emulator\Emulator\Emulator\Emulator.cpp(1174,15): warning C4244: 'argument': conversion from 'unsigned short' to 'unsigned char', possible loss of data
C:\Users\charl\OneDrive - UWE Bristol (Students)\Semester 2\CNS\Assignment 1\CNS Chirmera Emulator\Emulator\Emulator\Emulator.cpp(1175,15): warning C4244: 'argument': conversion from 'unsigned short' to 'unsigned char', possible loss of data
C:\Users\charl\OneDrive - UWE Bristol (Students)\Semester 2\CNS\Assignment 1\CNS Chirmera Emulator\Emulator\Emulator\Emulator.cpp(1190,28): warning C4244: '=': conversion from 'unsigned short' to 'unsigned char', possible loss of data
C:\Users\charl\OneDrive - UWE Bristol (Students)\Semester 2\CNS\Assignment 1\CNS Chirmera Emulator\Emulator\Emulator\Emulator.cpp(1191,15): warning C4244: 'argument': conversion from 'unsigned short' to 'unsigned char', possible loss of data
C:\Users\charl\OneDrive - UWE Bristol (Students)\Semester 2\CNS\Assignment 1\CNS Chirmera Emulator\Emulator\Emulator\Emulator.cpp(1192,15): warning C4244: 'argument': conversion from 'unsigned short' to 'unsigned char', possible loss of data
C:\Users\charl\OneDrive - UWE Bristol (Students)\Semester 2\CNS\Assignment 1\CNS Chirmera Emulator\Emulator\Emulator\Emulator.cpp(1207,28): warning C4244: '=': conversion from 'unsigned short' to 'unsigned char', possible loss of data
C:\Users\charl\OneDrive - UWE Bristol (Students)\Semester 2\CNS\Assignment 1\CNS Chirmera Emulator\Emulator\Emulator\Emulator.cpp(1208,15): warning C4244: 'argument': conversion from 'unsigned short' to 'unsigned char', possible loss of data
C:\Users\charl\OneDrive - UWE Bristol (Students)\Semester 2\CNS\Assignment 1\CNS Chirmera Emulator\Emulator\Emulator\Emulator.cpp(1209,15): warning C4244: 'argument': conversion from 'unsigned short' to 'unsigned char', possible loss of data
C:\Users\charl\OneDrive - UWE Bristol (Students)\Semester 2\CNS\Assignment 1\CNS Chirmera Emulator\Emulator\Emulator\Emulator.cpp(1224,28): warning C4244: '=': conversion from 'unsigned short' to 'unsigned char', possible loss of data
C:\Users\charl\OneDrive - UWE Bristol (Students)\Semester 2\CNS\Assignment 1\CNS Chirmera Emulator\Emulator\Emulator\Emulator.cpp(1225,15): warning C4244: 'argument': conversion from 'unsigned short' to 'unsigned char', possible loss of data
C:\Users\charl\OneDrive - UWE Bristol (Students)\Semester 2\CNS\Assignment 1\CNS Chirmera Emulator\Emulator\Emulator\Emulator.cpp(1226,15): warning C4244: 'argument': conversion from 'unsigned short' to 'unsigned char', possible loss of data
C:\Users\charl\OneDrive - UWE Bristol (Students)\Semester 2\CNS\Assignment 1\CNS Chirmera Emulator\Emulator\Emulator\Emulator.cpp(2491,15): warning C4244: 'argument': conversion from 'unsigned short' to 'unsigned char', possible loss of data
C:\Users\charl\OneDrive - UWE Bristol (Students)\Semester 2\CNS\Assignment 1\CNS Chirmera Emulator\Emulator\Emulator\Emulator.cpp(2507,15): warning C4244: 'argument': conversion from 'unsigned short' to 'unsigned char', possible loss of data
C:\Users\charl\OneDrive - UWE Bristol (Students)\Semester 2\CNS\Assignment 1\CNS Chirmera Emulator\Emulator\Emulator\Emulator.cpp(2528,47): warning C4244: '=': conversion from 'unsigned short' to 'unsigned char', possible loss of data
C:\Users\charl\OneDrive - UWE Bristol (Students)\Semester 2\CNS\Assignment 1\CNS Chirmera Emulator\Emulator\Emulator\Emulator.cpp(2541,47): warning C4244: '=': conversion from 'unsigned short' to 'unsigned char', possible loss of data
C:\Users\charl\OneDrive - UWE Bristol (Students)\Semester 2\CNS\Assignment 1\CNS Chirmera Emulator\Emulator\Emulator\Emulator.cpp(2554,47): warning C4244: '=': conversion from 'unsigned short' to 'unsigned char', possible loss of data
C:\Users\charl\OneDrive - UWE Bristol (Students)\Semester 2\CNS\Assignment 1\CNS Chirmera Emulator\Emulator\Emulator\Emulator.cpp(2567,47): warning C4244: '=': conversion from 'unsigned short' to 'unsigned char', possible loss of data
C:\Users\charl\OneDrive - UWE Bristol (Students)\Semester 2\CNS\Assignment 1\CNS Chirmera Emulator\Emulator\Emulator\Emulator.cpp(2580,47): warning C4244: '=': conversion from 'unsigned short' to 'unsigned char', possible loss of data
C:\Users\charl\OneDrive - UWE Bristol (Students)\Semester 2\CNS\Assignment 1\CNS Chirmera Emulator\Emulator\Emulator\Emulator.cpp(2593,47): warning C4244: '=': conversion from 'unsigned short' to 'unsigned char', possible loss of data
C:\Users\charl\OneDrive - UWE Bristol (Students)\Semester 2\CNS\Assignment 1\CNS Chirmera Emulator\Emulator\Emulator\Emulator.cpp(2606,47): warning C4244: '=': conversion from 'unsigned short' to 'unsigned char', possible loss of data
C:\Users\charl\OneDrive - UWE Bristol (Students)\Semester 2\CNS\Assignment 1\CNS Chirmera Emulator\Emulator\Emulator\Emulator.cpp(2746,15): warning C4244: 'argument': conversion from 'unsigned short' to 'unsigned char', possible loss of data
C:\Users\charl\OneDrive - UWE Bristol (Students)\Semester 2\CNS\Assignment 1\CNS Chirmera Emulator\Emulator\Emulator\Emulator.cpp(2747,15): warning C4244: 'argument': conversion from 'unsigned short' to 'unsigned char', possible loss of data
C:\Users\charl\OneDrive - UWE Bristol (Students)\Semester 2\CNS\Assignment 1\CNS Chirmera Emulator\Emulator\Emulator\Emulator.cpp(2749,29): warning C4244: 'argument': conversion from 'unsigned short' to 'unsigned char', possible loss of data
C:\Users\charl\OneDrive - UWE Bristol (Students)\Semester 2\CNS\Assignment 1\CNS Chirmera Emulator\Emulator\Emulator\Emulator.cpp(2749,23): warning C4244: 'argument': conversion from 'unsigned short' to 'unsigned char', possible loss of data
C:\Users\charl\OneDrive - UWE Bristol (Students)\Semester 2\CNS\Assignment 1\CNS Chirmera Emulator\Emulator\Emulator\Emulator.cpp(2749,15): warning C4244: 'argument': conversion from 'unsigned short' to 'unsigned char', possible loss of data
C:\Users\charl\OneDrive - UWE Bristol (Students)\Semester 2\CNS\Assignment 1\CNS Chirmera Emulator\Emulator\Emulator\Emulator.cpp(2752,28): warning C4244: '=': conversion from 'unsigned short' to 'unsigned char', possible loss of data
C:\Users\charl\OneDrive - UWE Bristol (Students)\Semester 2\CNS\Assignment 1\CNS Chirmera Emulator\Emulator\Emulator\Emulator.cpp(2788,15): warning C4244: 'argument': conversion from 'unsigned short' to 'unsigned char', possible loss of data
C:\Users\charl\OneDrive - UWE Bristol (Students)\Semester 2\CNS\Assignment 1\CNS Chirmera Emulator\Emulator\Emulator\Emulator.cpp(2789,15): warning C4244: 'argument': conversion from 'unsigned short' to 'unsigned char', possible loss of data
C:\Users\charl\OneDrive - UWE Bristol (Students)\Semester 2\CNS\Assignment 1\CNS Chirmera Emulator\Emulator\Emulator\Emulator.cpp(2791,30): warning C4244: 'argument': conversion from 'unsigned short' to 'unsigned char', possible loss of data
C:\Users\charl\OneDrive - UWE Bristol (Students)\Semester 2\CNS\Assignment 1\CNS Chirmera Emulator\Emulator\Emulator\Emulator.cpp(2791,15): warning C4244: 'argument': conversion from 'unsigned short' to 'unsigned char', possible loss of data
C:\Users\charl\OneDrive - UWE Bristol (Students)\Semester 2\CNS\Assignment 1\CNS Chirmera Emulator\Emulator\Emulator\Emulator.cpp(2794,28): warning C4244: '=': conversion from 'unsigned short' to 'unsigned char', possible loss of data
C:\Users\charl\OneDrive - UWE Bristol (Students)\Semester 2\CNS\Assignment 1\CNS Chirmera Emulator\Emulator\Emulator\Emulator.cpp(2823,15): warning C4244: 'argument': conversion from 'unsigned short' to 'unsigned char', possible loss of data
C:\Users\charl\OneDrive - UWE Bristol (Students)\Semester 2\CNS\Assignment 1\CNS Chirmera Emulator\Emulator\Emulator\Emulator.cpp(2824,15): warning C4244: 'argument': conversion from 'unsigned short' to 'unsigned char', possible loss of data
C:\Users\charl\OneDrive - UWE Bristol (Students)\Semester 2\CNS\Assignment 1\CNS Chirmera Emulator\Emulator\Emulator\Emulator.cpp(2826,30): warning C4244: 'argument': conversion from 'unsigned short' to 'unsigned char', possible loss of data
C:\Users\charl\OneDrive - UWE Bristol (Students)\Semester 2\CNS\Assignment 1\CNS Chirmera Emulator\Emulator\Emulator\Emulator.cpp(2826,15): warning C4244: 'argument': conversion from 'unsigned short' to 'unsigned char', possible loss of data
C:\Users\charl\OneDrive - UWE Bristol (Students)\Semester 2\CNS\Assignment 1\CNS Chirmera Emulator\Emulator\Emulator\Emulator.cpp(2936,71): warning C4244: '=': conversion from 'unsigned short' to 'unsigned char', possible loss of data
C:\Users\charl\OneDrive - UWE Bristol (Students)\Semester 2\CNS\Assignment 1\CNS Chirmera Emulator\Emulator\Emulator\Emulator.cpp(2949,71): warning C4244: '=': conversion from 'unsigned short' to 'unsigned char', possible loss of data
C:\Users\charl\OneDrive - UWE Bristol (Students)\Semester 2\CNS\Assignment 1\CNS Chirmera Emulator\Emulator\Emulator\Emulator.cpp(2962,71): warning C4244: '=': conversion from 'unsigned short' to 'unsigned char', possible loss of data
C:\Users\charl\OneDrive - UWE Bristol (Students)\Semester 2\CNS\Assignment 1\CNS Chirmera Emulator\Emulator\Emulator\Emulator.cpp(2975,71): warning C4244: '=': conversion from 'unsigned short' to 'unsigned char', possible loss of data
C:\Users\charl\OneDrive - UWE Bristol (Students)\Semester 2\CNS\Assignment 1\CNS Chirmera Emulator\Emulator\Emulator\Emulator.cpp(2988,71): warning C4244: '=': conversion from 'unsigned short' to 'unsigned char', possible loss of data
C:\Users\charl\OneDrive - UWE Bristol (Students)\Semester 2\CNS\Assignment 1\CNS Chirmera Emulator\Emulator\Emulator\Emulator.cpp(3001,71): warning C4244: '=': conversion from 'unsigned short' to 'unsigned char', possible loss of data
C:\Users\charl\OneDrive - UWE Bristol (Students)\Semester 2\CNS\Assignment 1\CNS Chirmera Emulator\Emulator\Emulator\Emulator.cpp(3014,71): warning C4244: '=': conversion from 'unsigned short' to 'unsigned char', possible loss of data
C:\Users\charl\OneDrive - UWE Bristol (Students)\Semester 2\CNS\Assignment 1\CNS Chirmera Emulator\Emulator\Emulator\Emulator.cpp(3033,68): warning C4244: '=': conversion from 'unsigned short' to 'unsigned char', possible loss of data
C:\Users\charl\OneDrive - UWE Bristol (Students)\Semester 2\CNS\Assignment 1\CNS Chirmera Emulator\Emulator\Emulator\Emulator.cpp(3046,68): warning C4244: '=': conversion from 'unsigned short' to 'unsigned char', possible loss of data
C:\Users\charl\OneDrive - UWE Bristol (Students)\Semester 2\CNS\Assignment 1\CNS Chirmera Emulator\Emulator\Emulator\Emulator.cpp(3059,68): warning C4244: '=': conversion from 'unsigned short' to 'unsigned char', possible loss of data
C:\Users\charl\OneDrive - UWE Bristol (Students)\Semester 2\CNS\Assignment 1\CNS Chirmera Emulator\Emulator\Emulator\Emulator.cpp(3072,68): warning C4244: '=': conversion from 'unsigned short' to 'unsigned char', possible loss of data
C:\Users\charl\OneDrive - UWE Bristol (Students)\Semester 2\CNS\Assignment 1\CNS Chirmera Emulator\Emulator\Emulator\Emulator.cpp(3085,68): warning C4244: '=': conversion from 'unsigned short' to 'unsigned char', possible loss of data
C:\Users\charl\OneDrive - UWE Bristol (Students)\Semester 2\CNS\Assignment 1\CNS Chirmera Emulator\Emulator\Emulator\Emulator.cpp(3098,68): warning C4244: '=': conversion from 'unsigned short' to 'unsigned char', possible loss of data
C:\Users\charl\OneDrive - UWE Bristol (Students)\Semester 2\CNS\Assignment 1\CNS Chirmera Emulator\Emulator\Emulator\Emulator.cpp(3111,68): warning C4244: '=': conversion from 'unsigned short' to 'unsigned char', possible loss of data
C:\Users\charl\OneDrive - UWE Bristol (Students)\Semester 2\CNS\Assignment 1\CNS Chirmera Emulator\Emulator\Emulator\Emulator.cpp(3130,70): warning C4244: '=': conversion from 'unsigned short' to 'unsigned char', possible loss of data
C:\Users\charl\OneDrive - UWE Bristol (Students)\Semester 2\CNS\Assignment 1\CNS Chirmera Emulator\Emulator\Emulator\Emulator.cpp(3143,70): warning C4244: '=': conversion from 'unsigned short' to 'unsigned char', possible loss of data
C:\Users\charl\OneDrive - UWE Bristol (Students)\Semester 2\CNS\Assignment 1\CNS Chirmera Emulator\Emulator\Emulator\Emulator.cpp(3156,70): warning C4244: '=': conversion from 'unsigned short' to 'unsigned char', possible loss of data
C:\Users\charl\OneDrive - UWE Bristol (Students)\Semester 2\CNS\Assignment 1\CNS Chirmera Emulator\Emulator\Emulator\Emulator.cpp(3168,70): warning C4244: '=': conversion from 'unsigned short' to 'unsigned char', possible loss of data
C:\Users\charl\OneDrive - UWE Bristol (Students)\Semester 2\CNS\Assignment 1\CNS Chirmera Emulator\Emulator\Emulator\Emulator.cpp(3181,70): warning C4244: '=': conversion from 'unsigned short' to 'unsigned char', possible loss of data
C:\Users\charl\OneDrive - UWE Bristol (Students)\Semester 2\CNS\Assignment 1\CNS Chirmera Emulator\Emulator\Emulator\Emulator.cpp(3194,70): warning C4244: '=': conversion from 'unsigned short' to 'unsigned char', possible loss of data
C:\Users\charl\OneDrive - UWE Bristol (Students)\Semester 2\CNS\Assignment 1\CNS Chirmera Emulator\Emulator\Emulator\Emulator.cpp(3207,70): warning C4244: '=': conversion from 'unsigned short' to 'unsigned char', possible loss of data
C:\Users\charl\OneDrive - UWE Bristol (Students)\Semester 2\CNS\Assignment 1\CNS Chirmera Emulator\Emulator\Emulator\Emulator.cpp(3228,15): warning C4244: 'argument': conversion from 'unsigned short' to 'unsigned char', possible loss of data
C:\Users\charl\OneDrive - UWE Bristol (Students)\Semester 2\CNS\Assignment 1\CNS Chirmera Emulator\Emulator\Emulator\Emulator.cpp(3229,15): warning C4244: 'argument': conversion from 'unsigned short' to 'unsigned char', possible loss of data
C:\Users\charl\OneDrive - UWE Bristol (Students)\Semester 2\CNS\Assignment 1\CNS Chirmera Emulator\Emulator\Emulator\Emulator.cpp(3239,28): warning C4244: '=': conversion from 'unsigned short' to 'unsigned char', possible loss of data
C:\Users\charl\OneDrive - UWE Bristol (Students)\Semester 2\CNS\Assignment 1\CNS Chirmera Emulator\Emulator\Emulator\Emulator.cpp(3271,15): warning C4244: 'argument': conversion from 'unsigned short' to 'unsigned char', possible loss of data
C:\Users\charl\OneDrive - UWE Bristol (Students)\Semester 2\CNS\Assignment 1\CNS Chirmera Emulator\Emulator\Emulator\Emulator.cpp(3272,15): warning C4244: 'argument': conversion from 'unsigned short' to 'unsigned char', possible loss of data
C:\Users\charl\OneDrive - UWE Bristol (Students)\Semester 2\CNS\Assignment 1\CNS Chirmera Emulator\Emulator\Emulator\Emulator.cpp(3283,22): warning C4244: '=': conversion from 'unsigned short' to 'unsigned char', possible loss of data
C:\Users\charl\OneDrive - UWE Bristol (Students)\Semester 2\CNS\Assignment 1\CNS Chirmera Emulator\Emulator\Emulator\Emulator.cpp(3305,15): warning C4244: 'argument': conversion from 'unsigned short' to 'unsigned char', possible loss of data
C:\Users\charl\OneDrive - UWE Bristol (Students)\Semester 2\CNS\Assignment 1\CNS Chirmera Emulator\Emulator\Emulator\Emulator.cpp(3306,15): warning C4244: 'argument': conversion from 'unsigned short' to 'unsigned char', possible loss of data
C:\Users\charl\OneDrive - UWE Bristol (Students)\Semester 2\CNS\Assignment 1\CNS Chirmera Emulator\Emulator\Emulator\Emulator.cpp(3316,22): warning C4244: '=': conversion from 'unsigned short' to 'unsigned char', possible loss of data
C:\Users\charl\OneDrive - UWE Bristol (Students)\Semester 2\CNS\Assignment 1\CNS Chirmera Emulator\Emulator\Emulator\Emulator.cpp(3341,70): warning C4244: '=': conversion from 'unsigned short' to 'unsigned char', possible loss of data
C:\Users\charl\OneDrive - UWE Bristol (Students)\Semester 2\CNS\Assignment 1\CNS Chirmera Emulator\Emulator\Emulator\Emulator.cpp(3356,70): warning C4244: '=': conversion from 'unsigned short' to 'unsigned char', possible loss of data
C:\Users\charl\OneDrive - UWE Bristol (Students)\Semester 2\CNS\Assignment 1\CNS Chirmera Emulator\Emulator\Emulator\Emulator.cpp(3371,70): warning C4244: '=': conversion from 'unsigned short' to 'unsigned char', possible loss of data
C:\Users\charl\OneDrive - UWE Bristol (Students)\Semester 2\CNS\Assignment 1\CNS Chirmera Emulator\Emulator\Emulator\Emulator.cpp(3386,70): warning C4244: '=': conversion from 'unsigned short' to 'unsigned char', possible loss of data
C:\Users\charl\OneDrive - UWE Bristol (Students)\Semester 2\CNS\Assignment 1\CNS Chirmera Emulator\Emulator\Emulator\Emulator.cpp(3401,70): warning C4244: '=': conversion from 'unsigned short' to 'unsigned char', possible loss of data
C:\Users\charl\OneDrive - UWE Bristol (Students)\Semester 2\CNS\Assignment 1\CNS Chirmera Emulator\Emulator\Emulator\Emulator.cpp(3416,70): warning C4244: '=': conversion from 'unsigned short' to 'unsigned char', possible loss of data
C:\Users\charl\OneDrive - UWE Bristol (Students)\Semester 2\CNS\Assignment 1\CNS Chirmera Emulator\Emulator\Emulator\Emulator.cpp(3431,70): warning C4244: '=': conversion from 'unsigned short' to 'unsigned char', possible loss of data
C:\Users\charl\OneDrive - UWE Bristol (Students)\Semester 2\CNS\Assignment 1\CNS Chirmera Emulator\Emulator\Emulator\Emulator.cpp(3569,28): warning C4244: '=': conversion from 'unsigned short' to 'unsigned char', possible loss of data
C:\Users\charl\OneDrive - UWE Bristol (Students)\Semester 2\CNS\Assignment 1\CNS Chirmera Emulator\Emulator\Emulator\Emulator.cpp(3570,15): warning C4244: 'argument': conversion from 'unsigned short' to 'unsigned char', possible loss of data
C:\Users\charl\OneDrive - UWE Bristol (Students)\Semester 2\CNS\Assignment 1\CNS Chirmera Emulator\Emulator\Emulator\Emulator.cpp(3571,15): warning C4244: 'argument': conversion from 'unsigned short' to 'unsigned char', possible loss of data
C:\Users\charl\OneDrive - UWE Bristol (Students)\Semester 2\CNS\Assignment 1\CNS Chirmera Emulator\Emulator\Emulator\Emulator.cpp(3597,28): warning C4244: '=': conversion from 'unsigned short' to 'unsigned char', possible loss of data
C:\Users\charl\OneDrive - UWE Bristol (Students)\Semester 2\CNS\Assignment 1\CNS Chirmera Emulator\Emulator\Emulator\Emulator.cpp(3598,15): warning C4244: 'argument': conversion from 'unsigned short' to 'unsigned char', possible loss of data
C:\Users\charl\OneDrive - UWE Bristol (Students)\Semester 2\CNS\Assignment 1\CNS Chirmera Emulator\Emulator\Emulator\Emulator.cpp(3599,15): warning C4244: 'argument': conversion from 'unsigned short' to 'unsigned char', possible loss of data
C:\Users\charl\OneDrive - UWE Bristol (Students)\Semester 2\CNS\Assignment 1\CNS Chirmera Emulator\Emulator\Emulator\Emulator.cpp(3782,23): warning C4244: '=': conversion from 'unsigned short' to 'unsigned char', possible loss of data
C:\Users\charl\OneDrive - UWE Bristol (Students)\Semester 2\CNS\Assignment 1\CNS Chirmera Emulator\Emulator\Emulator\Emulator.cpp(3794,16): warning C4244: 'argument': conversion from 'unsigned short' to 'unsigned char', possible loss of data
C:\Users\charl\OneDrive - UWE Bristol (Students)\Semester 2\CNS\Assignment 1\CNS Chirmera Emulator\Emulator\Emulator\Emulator.cpp(3795,16): warning C4244: 'argument': conversion from 'unsigned short' to 'unsigned char', possible loss of data
C:\Users\charl\OneDrive - UWE Bristol (Students)\Semester 2\CNS\Assignment 1\CNS Chirmera Emulator\Emulator\Emulator\Emulator.cpp(3824,23): warning C4244: '=': conversion from 'unsigned short' to 'unsigned char', possible loss of data
C:\Users\charl\OneDrive - UWE Bristol (Students)\Semester 2\CNS\Assignment 1\CNS Chirmera Emulator\Emulator\Emulator\Emulator.cpp(3836,16): warning C4244: 'argument': conversion from 'unsigned short' to 'unsigned char', possible loss of data
C:\Users\charl\OneDrive - UWE Bristol (Students)\Semester 2\CNS\Assignment 1\CNS Chirmera Emulator\Emulator\Emulator\Emulator.cpp(3837,16): warning C4244: 'argument': conversion from 'unsigned short' to 'unsigned char', possible loss of data
C:\Users\charl\OneDrive - UWE Bristol (Students)\Semester 2\CNS\Assignment 1\CNS Chirmera Emulator\Emulator\Emulator\Emulator.cpp(3886,23): warning C4244: '=': conversion from 'unsigned short' to 'unsigned char', possible loss of data
C:\Users\charl\OneDrive - UWE Bristol (Students)\Semester 2\CNS\Assignment 1\CNS Chirmera Emulator\Emulator\Emulator\Emulator.cpp(3899,16): warning C4244: 'argument': conversion from 'unsigned short' to 'unsigned char', possible loss of data
C:\Users\charl\OneDrive - UWE Bristol (Students)\Semester 2\CNS\Assignment 1\CNS Chirmera Emulator\Emulator\Emulator\Emulator.cpp(3900,16): warning C4244: 'argument': conversion from 'unsigned short' to 'unsigned char', possible loss of data
C:\Users\charl\OneDrive - UWE Bristol (Students)\Semester 2\CNS\Assignment 1\CNS Chirmera Emulator\Emulator\Emulator\Emulator.cpp(3942,23): warning C4244: '=': conversion from 'unsigned short' to 'unsigned char', possible loss of data
C:\Users\charl\OneDrive - UWE Bristol (Students)\Semester 2\CNS\Assignment 1\CNS Chirmera Emulator\Emulator\Emulator\Emulator.cpp(3955,16): warning C4244: 'argument': conversion from 'unsigned short' to 'unsigned char', possible loss of data
C:\Users\charl\OneDrive - UWE Bristol (Students)\Semester 2\CNS\Assignment 1\CNS Chirmera Emulator\Emulator\Emulator\Emulator.cpp(3956,16): warning C4244: 'argument': conversion from 'unsigned short' to 'unsigned char', possible loss of data
C:\Users\charl\OneDrive - UWE Bristol (Students)\Semester 2\CNS\Assignment 1\CNS Chirmera Emulator\Emulator\Emulator\Emulator.cpp(4378,75): warning C4554: '<<': check operator precedence for possible error; use parentheses to clarify precedence
C:\Users\charl\OneDrive - UWE Bristol (Students)\Semester 2\CNS\Assignment 1\CNS Chirmera Emulator\Emulator\Emulator\Emulator.cpp(4386,75): warning C4554: '<<': check operator precedence for possible error; use parentheses to clarify precedence
C:\Users\charl\OneDrive - UWE Bristol (Students)\Semester 2\CNS\Assignment 1\CNS Chirmera Emulator\Emulator\Emulator\Emulator.cpp(4566,1): warning C4996: 'fopen': This function or variable may be unsafe. Consider using fopen_s instead. To disable deprecation, use _CRT_SECURE_NO_WARNINGS. See online help for details.
C:\Program Files (x86)\Windows Kits\10\Include\10.0.18362.0\ucrt\stdio.h(208): message : see declaration of 'fopen'
C:\Users\charl\OneDrive - UWE Bristol (Students)\Semester 2\CNS\Assignment 1\CNS Chirmera Emulator\Emulator\Emulator\Emulator.cpp(4578,1): warning C4996: 'fopen': This function or variable may be unsafe. Consider using fopen_s instead. To disable deprecation, use _CRT_SECURE_NO_WARNINGS. See online help for details.
C:\Program Files (x86)\Windows Kits\10\Include\10.0.18362.0\ucrt\stdio.h(208): message : see declaration of 'fopen'
C:\Users\charl\OneDrive - UWE Bristol (Students)\Semester 2\CNS\Assignment 1\CNS Chirmera Emulator\Emulator\Emulator\Emulator.cpp(4640,19): warning C4244: '=': conversion from '_TCHAR' to 'char', possible loss of data
C:\Users\charl\OneDrive - UWE Bristol (Students)\Semester 2\CNS\Assignment 1\CNS Chirmera Emulator\Emulator\Emulator\Emulator.cpp(4649,20): warning C4244: '=': conversion from '_TCHAR' to 'char', possible loss of data
C:\Users\charl\OneDrive - UWE Bristol (Students)\Semester 2\CNS\Assignment 1\CNS Chirmera Emulator\Emulator\Emulator\Emulator.cpp(4728,1): warning C4996: 'fopen': This function or variable may be unsafe. Consider using fopen_s instead. To disable deprecation, use _CRT_SECURE_NO_WARNINGS. See online help for details.
C:\Program Files (x86)\Windows Kits\10\Include\10.0.18362.0\ucrt\stdio.h(208): message : see declaration of 'fopen'
C:\Users\charl\OneDrive - UWE Bristol (Students)\Semester 2\CNS\Assignment 1\CNS Chirmera Emulator\Emulator\Emulator\Emulator.cpp(4734,1): warning C4996: 'sscanf': This function or variable may be unsafe. Consider using sscanf_s instead. To disable deprecation, use _CRT_SECURE_NO_WARNINGS. See online help for details.
C:\Program Files (x86)\Windows Kits\10\Include\10.0.18362.0\ucrt\stdio.h(2263): message : see declaration of 'sscanf'
C:\Users\charl\OneDrive - UWE Bristol (Students)\Semester 2\CNS\Assignment 1\CNS Chirmera Emulator\Emulator\Emulator\Emulator.cpp(4736,1): warning C4996: 'sscanf': This function or variable may be unsafe. Consider using sscanf_s instead. To disable deprecation, use _CRT_SECURE_NO_WARNINGS. See online help for details.
C:\Program Files (x86)\Windows Kits\10\Include\10.0.18362.0\ucrt\stdio.h(2263): message : see declaration of 'sscanf'
C:\Users\charl\OneDrive - UWE Bristol (Students)\Semester 2\CNS\Assignment 1\CNS Chirmera Emulator\Emulator\Emulator\Emulator.cpp(4762,1): warning C4996: 'sprintf': This function or variable may be unsafe. Consider using sprintf_s instead. To disable deprecation, use _CRT_SECURE_NO_WARNINGS. See online help for details.
C:\Program Files (x86)\Windows Kits\10\Include\10.0.18362.0\ucrt\stdio.h(1774): message : see declaration of 'sprintf'
C:\Users\charl\OneDrive - UWE Bristol (Students)\Semester 2\CNS\Assignment 1\CNS Chirmera Emulator\Emulator\Emulator\Emulator.cpp(4799,1): warning C4996: 'sprintf': This function or variable may be unsafe. Consider using sprintf_s instead. To disable deprecation, use _CRT_SECURE_NO_WARNINGS. See online help for details.
C:\Program Files (x86)\Windows Kits\10\Include\10.0.18362.0\ucrt\stdio.h(1774): message : see declaration of 'sprintf'
C:\Users\charl\OneDrive - UWE Bristol (Students)\Semester 2\CNS\Assignment 1\CNS Chirmera Emulator\Emulator\Emulator\Emulator.cpp(4809,1): warning C4996: 'sscanf': This function or variable may be unsafe. Consider using sscanf_s instead. To disable deprecation, use _CRT_SECURE_NO_WARNINGS. See online help for details.
C:\Program Files (x86)\Windows Kits\10\Include\10.0.18362.0\ucrt\stdio.h(2263): message : see declaration of 'sscanf'
C:\Users\charl\OneDrive - UWE Bristol (Students)\Semester 2\CNS\Assignment 1\CNS Chirmera Emulator\Emulator\Emulator\Emulator.cpp(4813,1): warning C4996: 'sscanf': This function or variable may be unsafe. Consider using sscanf_s instead. To disable deprecation, use _CRT_SECURE_NO_WARNINGS. See online help for details.
C:\Program Files (x86)\Windows Kits\10\Include\10.0.18362.0\ucrt\stdio.h(2263): message : see declaration of 'sscanf'
C:\Users\charl\OneDrive - UWE Bristol (Students)\Semester 2\CNS\Assignment 1\CNS Chirmera Emulator\Emulator\Emulator\Emulator.cpp(4854,1): warning C4996: 'sscanf': This function or variable may be unsafe. Consider using sscanf_s instead. To disable deprecation, use _CRT_SECURE_NO_WARNINGS. See online help for details.
C:\Program Files (x86)\Windows Kits\10\Include\10.0.18362.0\ucrt\stdio.h(2263): message : see declaration of 'sscanf'
C:\Users\charl\OneDrive - UWE Bristol (Students)\Semester 2\CNS\Assignment 1\CNS Chirmera Emulator\Emulator\Emulator\Emulator.cpp(4856,1): warning C4996: 'sscanf': This function or variable may be unsafe. Consider using sscanf_s instead. To disable deprecation, use _CRT_SECURE_NO_WARNINGS. See online help for details.
C:\Program Files (x86)\Windows Kits\10\Include\10.0.18362.0\ucrt\stdio.h(2263): message : see declaration of 'sscanf'
C:\Users\charl\OneDrive - UWE Bristol (Students)\Semester 2\CNS\Assignment 1\CNS Chirmera Emulator\Emulator\Emulator\Emulator.cpp(4881,1): warning C4996: 'sprintf': This function or variable may be unsafe. Consider using sprintf_s instead. To disable deprecation, use _CRT_SECURE_NO_WARNINGS. See online help for details.
C:\Program Files (x86)\Windows Kits\10\Include\10.0.18362.0\ucrt\stdio.h(1774): message : see declaration of 'sprintf'
C:\Users\charl\OneDrive - UWE Bristol (Students)\Semester 2\CNS\Assignment 1\CNS Chirmera Emulator\Emulator\Emulator\Emulator.cpp(4923,1): warning C4996: 'inet_addr': Use inet_pton() or InetPton() instead or define _WINSOCK_DEPRECATED_NO_WARNINGS to disable deprecated API warnings
C:\Program Files (x86)\Windows Kits\10\Include\10.0.18362.0\um\winsock2.h(1831): message : see declaration of 'inet_addr'
C:\Users\charl\OneDrive - UWE Bristol (Students)\Semester 2\CNS\Assignment 1\CNS Chirmera Emulator\Emulator\Emulator\Emulator.cpp(4928,1): warning C4996: 'inet_addr': Use inet_pton() or InetPton() instead or define _WINSOCK_DEPRECATED_NO_WARNINGS to disable deprecated API warnings
C:\Program Files (x86)\Windows Kits\10\Include\10.0.18362.0\um\winsock2.h(1831): message : see declaration of 'inet_addr'
  Emulator.vcxproj -> C:\Users\charl\OneDrive - UWE Bristol (Students)\Semester 2\CNS\Assignment 1\CNS Chirmera Emulator\Emulator\Debug\Emulator.exe
